<?xml version="1.0" encoding="UTF-8"?>
<!-- Generated by org.testng.reporters.JUnitReportReporter -->
<testsuite hostname="DESKTOP-LUPLLIG" failures="0" tests="2" name="testcases.LoginPageTest" time="11.520" errors="0" timestamp="2023-05-07T23:46:11 IST" skipped="0">
  <testcase classname="testcases.LoginPageTest" name="loginwithValidcredentials" time="5.707"/>
  <system-out/>
  <testcase classname="testcases.LoginPageTest" name="loginwithInvalidcredentials" time="5.813"/>
  <system-out/>
</testsuite> <!-- testcases.LoginPageTest -->
