<?xml version="1.0" encoding="UTF-8"?>
<!-- Generated by org.testng.reporters.JUnitReportReporter -->
<testsuite hostname="DESKTOP-LUPLLIG" failures="0" tests="2" name="testcases.LoginPageTest" time="13.528" errors="0" timestamp="2023-05-07T23:12:30 IST" skipped="0">
  <testcase classname="testcases.LoginPageTest" name="loginwithValidcredentials" time="7.954"/>
  <system-out/>
  <testcase classname="testcases.LoginPageTest" name="loginwithInvalidcredentials" time="5.574"/>
  <system-out/>
</testsuite> <!-- testcases.LoginPageTest -->
